HF PYTHON PROGRAM OUTPUT FILE
==============================

RUN INFO
--------
input file: examples\H2O.xyz
basis type: STO-3G
number of atoms: 3
number of electrons: 10
number of basis functions: 7
maximum number of iterations: 50
energy tolerance |dE| < 1.000e-08
density tolerance p_rms < 1.000e-06

ATOM COORDINATES (BOHR)
-----------------------
 Z  sym          x               y               z
--- ----  ---------------  ---------------  ---------------
  8    O       0.19459423       0.77837689       0.00000000
  1    H       2.00873131       0.77837689       0.00000000
  1    H      -0.41097717       2.48845777       0.00000000

CGTO BASIS SET
--------------
[      X            Y            Z     ]  (i, j, k)  (    coeff   ,     alpha   )
----------------------------------------  ---------  ----------------------------
[  0.19459423   0.77837689   0.00000000], (0, 0, 0), (  0.15432897, 130.70932140), (  0.53532814,  23.80886605), (  0.44463454,   6.44360831)
[  0.19459423   0.77837689   0.00000000], (0, 0, 0), ( -0.09996723,   5.03315132), (  0.39951283,   1.16959612), (  0.70011547,   0.38038896)
[  0.19459423   0.77837689   0.00000000], (1, 0, 0), (  0.15591627,   5.03315132), (  0.60768372,   1.16959612), (  0.39195739,   0.38038896)
[  0.19459423   0.77837689   0.00000000], (0, 1, 0), (  0.15591627,   5.03315132), (  0.60768372,   1.16959612), (  0.39195739,   0.38038896)
[  0.19459423   0.77837689   0.00000000], (0, 0, 1), (  0.15591627,   5.03315132), (  0.60768372,   1.16959612), (  0.39195739,   0.38038896)
[  2.00873131   0.77837689   0.00000000], (0, 0, 0), (  0.15432897,   3.42525091), (  0.53532814,   0.62391373), (  0.44463454,   0.16885540)
[ -0.41097717   2.48845777   0.00000000], (0, 0, 0), (  0.15432897,   3.42525091), (  0.53532814,   0.62391373), (  0.44463454,   0.16885540)

INTEGRAL BUILD TIMINGS
----------------------
S:         0.057 s
X:         0.012 s
H:         0.216 s
ERI:       4.559 s
Enuc:      0.000 s

SCF ITERATIONS
--------------
Starting with a guess from hamiltonian:

    epsilon    |            coefficients             
---------------+-------------------------------------
   -32.71869235| -1.00164094   0.00810899   0.00027916   0.00039500   0.00000000  -0.00241263  -0.00241263
    -8.28087423|  0.23579384  -1.10333777  -0.27328988  -0.38669623  -0.00000000   0.18642716   0.18642716
    -7.75151066| -0.00000000   0.00000000   0.89634824  -0.63347630  -0.00000000  -0.18135612   0.18135612
    -7.46324377| -0.09211000   0.38560380  -0.53561958  -0.75788417   0.00000000   0.03315272   0.03315272
    -7.45527082| -0.00000000   0.00000000  -0.00000000   0.00000000  -1.00000000   0.00000000  -0.00000000
    -4.21715692| -0.00000001   0.00000006  -0.32766837   0.23157314   0.00000000   0.92581785  -0.92581801
    -4.19632929|  0.05738253  -0.63019061  -0.14873129  -0.21044985   0.00000000   0.83922440   0.83922423

 it |        E_tot (Eh) |          dE |     p_rms 
----+-------------------+-------------+-----------
  1 |    -71.4364037911 |   4.675e+01 |  4.72e-01
  2 |    -74.8350978418 |  -3.399e+00 |  4.78e-02
  3 |    -74.9496890007 |  -1.146e-01 |  1.27e-02
  4 |    -74.9609469147 |  -1.126e-02 |  5.19e-03
  5 |    -74.9614847975 |  -5.379e-04 |  2.36e-03
  6 |    -74.9611667039 |   3.181e-04 |  1.11e-03
  7 |    -74.9609403827 |   2.263e-04 |  5.34e-04
  8 |    -74.9608205941 |   1.198e-04 |  2.59e-04
  9 |    -74.9607606968 |   5.990e-05 |  1.27e-04
 10 |    -74.9607311452 |   2.955e-05 |  6.21e-05
 11 |    -74.9607166058 |   1.454e-05 |  3.05e-05
 12 |    -74.9607094527 |   7.153e-06 |  1.50e-05
 13 |    -74.9607059314 |   3.521e-06 |  7.40e-06
 14 |    -74.9607041968 |   1.735e-06 |  3.65e-06
 15 |    -74.9607033419 |   8.549e-07 |  1.80e-06
 16 |    -74.9607029204 |   4.215e-07 |  8.87e-07
 17 |    -74.9607027126 |   2.079e-07 |  4.38e-07
 18 |    -74.9607026101 |   1.025e-07 |  2.16e-07
 19 |    -74.9607025595 |   5.058e-08 |  1.07e-07
 20 |    -74.9607025345 |   2.495e-08 |  5.26e-08
 21 |    -74.9607025222 |   1.231e-08 |  2.59e-08
 22 |    -74.9607025161 |   6.075e-09 |  1.28e-08

Computed molecular orbitals and energies:

    epsilon    |            coefficients             
---------------+-------------------------------------
   -20.23449007| -0.99412410  -0.02656498  -0.00239616  -0.00339049   0.00000000   0.00597124   0.00597124
    -1.26075304|  0.23325480  -0.83539511  -0.07113028  -0.10064703  -0.00000000  -0.15955186  -0.15955186
    -0.62397070|  0.00000000  -0.00000000  -0.48973505   0.34611052   0.00000000  -0.44235741   0.44235741
    -0.44044265| -0.09978486   0.52056904  -0.45696314  -0.64658788   0.00000000  -0.27315737  -0.27315737
    -0.38694224|  0.00000000  -0.00000000   0.00000000  -0.00000000   1.00000000   0.00000000  -0.00000000
     0.59290002| -0.13421163   0.89088029   0.41208761   0.58309046   0.00000000  -0.80003129  -0.80003128
     0.75419371|  0.00000000  -0.00000001   0.81912532  -0.57890056  -0.00000000  -0.83327594   0.83327595

SCF converged in 22 iterations
Final E_tot = -74.960702510215 Eh

RUN END
-------
Total run time: 4.88 s
